[Turn 1, Mon 9:00 AM, Day 1]
  OBSERVE:  chat unread: 3 | email unread: 19 | blockers: PROJ-17 (API integration), PROJ-22 (Design sign-off) | blocker cause: undiscovered | health: BLOCKED
  ACTION:   tasks list → PROJ-17 (API integration), PROJ-22 (Design sign-off), PROJ-30 (QA), PROJ-99 (Update team wiki) (tasks_list)
  RESULT:   SIM: +2min
          PROJ-17 blocked (integration issue), PROJ-22 blocked (requirements meeting not held)

[Turn 2, Mon 9:02 AM, Day 1]
  OBSERVE:  chat unread: 3 | email unread: 19 | blockers: PROJ-17 (API integration), PROJ-22 (Design sign-off) | blocker cause: undiscovered | awaiting: alex ~Mon 9:52 AM | health: BLOCKED
  ACTION:   chat send → alex: "What's blocking the critical path task?" (ask_blocker_owner_dm)
  RESULT:   SIM: +3min
          sent: "What's blocking the critical path task?" → reply ~Mon 9:52 AM (alex)

[Turn 3, Mon 9:05 AM, Day 1]
  OBSERVE:  chat unread: 3 | email unread: 19 | blockers: PROJ-17 (API integration), PROJ-22 (Design sign-off) | blocker cause: undiscovered | awaiting: alex ~Mon 9:52 AM | health: BLOCKED
  ACTION:   chat read → alex (read_dm)
  RESULT:   SIM: +12min
          read from alex: "PROJ-17 integration is still blocked — I'll share more on DM if needed."

[Turn 4, Mon 9:17 AM, Day 1]
  OBSERVE:  chat unread: 2 | email unread: 19 | blockers: PROJ-17 (API integration), PROJ-22 (Design sign-off) | blocker cause: undiscovered | awaiting: alex ~Mon 9:52 AM | health: BLOCKED
  ACTION:   calendar schedule → "Requirements review" (schedule_requirements_meeting)
  RESULT:   SIM: +5min
          meeting scheduled: Requirements review

[Turn 5, Mon 9:22 AM, Day 1]
  OBSERVE:  chat unread: 2 | email unread: 19 | blockers: PROJ-17 (API integration), PROJ-22 (Design sign-off) | blocker cause: undiscovered | awaiting: reply | health: BLOCKED
  ACTION:   email read → "Accessibility audit" (read_email)
  RESULT:   SIM: +37min
          0 email(s) read
          events: alex reply: "The blocker is an OAuth scope mismatch on the vendor API — we need the extended…"

[Turn 6, Mon 9:59 AM, Day 1]
  OBSERVE:  chat unread: 3 | email unread: 18 | blockers: PROJ-17 (API integration), PROJ-22 (Design sign-off) | blocker cause: discovered (PROJ-17_oauth_scope) | health: BLOCKED
  ACTION:   chat read → alex (read_dm)
  RESULT:   SIM: +12min
          OAuth scope disclosed → blocker_known
          events: PROJ-99 complete, milestone check

[Turn 7, Mon 10:11 AM, Day 1]
  OBSERVE:  chat unread: 2 | email unread: 18 | blockers: PROJ-17 (API integration), PROJ-22 (Design sign-off) | blocker cause: discovered (PROJ-17_oauth_scope) | health: BLOCKED
  ACTION:   email send → vendor_api: "OAuth scope escalation": "Please approve extended OAuth read scope for PROJ-17." (escalate_vendor)
  RESULT:   SIM: +3min
          24h vendor timer scheduled (~Tue 10:11 AM)

[Turn 8, Mon 10:14 AM, Day 1]
  OBSERVE:  chat unread: 2 | email unread: 18 | blockers: PROJ-17 (API integration), PROJ-22 (Design sign-off) | blocker cause: discovered (PROJ-17_oauth_scope) | health: BLOCKED
  ACTION:   docs write → "Launch tradeoff decision": "Options: (1) scope cut — drop analytics dashboard; (2) delay 2 days; (3) add en…" (write_decision_doc)
  RESULT:   SIM: +10min
          doc written: Launch tradeoff decision

[Turn 9, Mon 10:24 AM, Day 1]
  OBSERVE:  chat unread: 2 | email unread: 18 | blockers: PROJ-17 (API integration), PROJ-22 (Design sign-off) | blocker cause: discovered (PROJ-17_oauth_scope) | awaiting: sam ~Mon 10:55 AM | health: BLOCKED
  ACTION:   email send → sam: "Launch status update": "Blocker identified; vendor escalation and meetings in progress." (send_status_update)
  RESULT:   SIM: +3min
          Reply scheduled ~Mon 10:55 AM (sam)

[Turn 10, Mon 10:27 AM, Day 1]
  OBSERVE:  chat unread: 2 | email unread: 18 | blockers: PROJ-17 (API integration), PROJ-22 (Design sign-off) | blocker cause: discovered (PROJ-17_oauth_scope) | awaiting: reply | health: BLOCKED
  ACTION:   email read → "Vendor contract renewal" (read_email)
  RESULT:   SIM: +37min
          0 email(s) read
          events: sam reply: "Got it, thanks."

[Turn 11, Mon 11:04 AM, Day 1]
  OBSERVE:  chat unread: 2 | email unread: 17 | blockers: PROJ-17 (API integration), PROJ-22 (Design sign-off) | blocker cause: discovered (PROJ-17_oauth_scope) | health: BLOCKED
  ACTION:   email read → "Training webinar invite" (read_email)
  RESULT:   SIM: +37min
          0 email(s) read
          events: meeting started

[Turn 12, Mon 11:41 AM, Day 1]
  OBSERVE:  chat unread: 2 | email unread: 16 | blockers: PROJ-17 (API integration), PROJ-22 (Design sign-off) | blocker cause: discovered (PROJ-17_oauth_scope) | health: BLOCKED
  ACTION:   calendar schedule → "Launch tradeoff discussion" (schedule_tradeoff_meeting)
  RESULT:   SIM: +5min
          meeting scheduled: Launch tradeoff discussion

[Turn 13, Mon 11:46 AM, Day 1]
  OBSERVE:  chat unread: 2 | email unread: 16 | blockers: PROJ-17 (API integration) | blocker cause: discovered (PROJ-17_oauth_scope) | health: BLOCKED
  ACTION:   email read → "Unit test flake" (read_email)
  RESULT:   SIM: +37min
          0 email(s) read
          events: meeting.end

[Turn 14, Mon 12:23 PM, Day 1]
  OBSERVE:  chat unread: 2 | email unread: 15 | blockers: PROJ-17 (API integration) | blocker cause: discovered (PROJ-17_oauth_scope) | health: BLOCKED
  ACTION:   email read → "Scope question on launch feature" (read_email)
  RESULT:   SIM: +37min
          0 email(s) read

[Turn 15, Mon 1:00 PM, Day 1]
  OBSERVE:  chat unread: 2 | email unread: 14 | blockers: PROJ-17 (API integration) | blocker cause: discovered (PROJ-17_oauth_scope) | health: BLOCKED
  ACTION:   email read → "Icon asset export" (read_email)
  RESULT:   SIM: +37min
          0 email(s) read

[Turn 16, Mon 1:37 PM, Day 1]
  OBSERVE:  chat unread: 2 | email unread: 13 | blockers: PROJ-17 (API integration) | blocker cause: discovered (PROJ-17_oauth_scope) | health: BLOCKED
  ACTION:   email read → "OKR check-in reminder" (read_email)
  RESULT:   SIM: +37min
          0 email(s) read

[Turn 17, Mon 2:14 PM, Day 1]
  OBSERVE:  chat unread: 2 | email unread: 12 | blockers: PROJ-17 (API integration) | blocker cause: discovered (PROJ-17_oauth_scope) | health: BLOCKED
  ACTION:   email read → "Figma comment thread" (read_email)
  RESULT:   SIM: +37min
          0 email(s) read
          events: meeting started

[Turn 18, Mon 2:51 PM, Day 1]
  OBSERVE:  chat unread: 2 | email unread: 11 | blockers: PROJ-17 (API integration) | blocker cause: discovered (PROJ-17_oauth_scope) | health: BLOCKED
  ACTION:   email read → "NPS survey results" (read_email)
  RESULT:   SIM: +37min
          0 email(s) read

[Turn 19, Mon 3:28 PM, Day 1]
  OBSERVE:  chat unread: 2 | email unread: 10 | blockers: PROJ-17 (API integration) | blocker cause: discovered (PROJ-17_oauth_scope) | health: BLOCKED
  ACTION:   email read → "Design review notes" (read_email)
  RESULT:   SIM: +37min
          0 email(s) read
          events: meeting.end

[Turn 20, Mon 4:05 PM, Day 1]
  OBSERVE:  chat unread: 2 | email unread: 9 | blockers: PROJ-17 (API integration) | blocker cause: discovered (PROJ-17_oauth_scope) | health: BLOCKED
  ACTION:   email read → "Dependabot alerts" (read_email)
  RESULT:   SIM: +37min
          0 email(s) read

[Turn 21, Mon 4:42 PM, Day 1]
  OBSERVE:  chat unread: 2 | email unread: 8 | blockers: PROJ-17 (API integration) | blocker cause: discovered (PROJ-17_oauth_scope) | health: BLOCKED
  ACTION:   email read → "Color palette tweak" (read_email)
  RESULT:   SIM: +37min
          0 email(s) read

[Turn 22, Mon 5:19 PM, Day 1]
  OBSERVE:  chat unread: 2 | email unread: 7 | blockers: PROJ-17 (API integration) | blocker cause: discovered (PROJ-17_oauth_scope) | health: BLOCKED
  ACTION:   email read → "CI pipeline green" (read_email)
  RESULT:   SIM: +37min
          0 email(s) read

[Turn 23, Mon 5:56 PM, Day 1]
  OBSERVE:  chat unread: 2 | email unread: 6 | blockers: PROJ-17 (API integration) | blocker cause: discovered (PROJ-17_oauth_scope) | health: BLOCKED
  ACTION:   email read → "Staging deploy log" (read_email)
  RESULT:   SIM: +37min
          0 email(s) read

[Turn 24, Mon 6:33 PM, Day 1]
  OBSERVE:  chat unread: 2 | email unread: 5 | blockers: PROJ-17 (API integration) | blocker cause: discovered (PROJ-17_oauth_scope) | health: BLOCKED
  ACTION:   email read → "Support macro update" (read_email)
  RESULT:   SIM: +37min
          0 email(s) read

[Turn 25, Mon 7:10 PM, Day 1]
  OBSERVE:  chat unread: 2 | email unread: 4 | blockers: PROJ-17 (API integration) | blocker cause: discovered (PROJ-17_oauth_scope) | health: BLOCKED
  ACTION:   email read → "Customer call recap" (read_email)
  RESULT:   SIM: +37min
          0 email(s) read

[Turn 26, Mon 7:47 PM, Day 1]
  OBSERVE:  chat unread: 2 | email unread: 3 | blockers: PROJ-17 (API integration) | blocker cause: discovered (PROJ-17_oauth_scope) | health: BLOCKED
  ACTION:   email read → "Sprint retro notes" (read_email)
  RESULT:   SIM: +37min
          0 email(s) read

[Turn 27, Mon 8:24 PM, Day 1]
  OBSERVE:  chat unread: 2 | email unread: 2 | blockers: PROJ-17 (API integration) | blocker cause: discovered (PROJ-17_oauth_scope) | health: BLOCKED
  ACTION:   email read → "Launch date pressure" (read_email)
  RESULT:   SIM: +37min
          0 email(s) read

[Turn 28, Mon 9:01 PM, Day 1]
  OBSERVE:  chat unread: 2 | email unread: 1 | blockers: PROJ-17 (API integration) | blocker cause: discovered (PROJ-17_oauth_scope) | health: BLOCKED
  ACTION:   email read → "All-hands deck" (read_email)
  RESULT:   SIM: +37min
          0 email(s) read

[Turn 29, Mon 9:38 PM, Day 1]
  OBSERVE:  chat unread: 2 | email unread: 0 | blockers: PROJ-17 (API integration) | blocker cause: discovered (PROJ-17_oauth_scope) | health: BLOCKED
  ACTION:   chat read → sam (read_dm)
  RESULT:   SIM: +12min
          OAuth scope disclosed → blocker_known

[Turn 30, Mon 9:50 PM, Day 1]
  OBSERVE:  chat unread: 1 | email unread: 0 | blockers: PROJ-17 (API integration) | blocker cause: discovered (PROJ-17_oauth_scope) | health: BLOCKED
  ACTION:   chat read → eng-launch (read_dm)
  RESULT:   SIM: +12min
          OAuth scope disclosed → blocker_known

[Turn 759, Tue 10:10 AM, Day 2]
  OBSERVE:  chat unread: 0 | email unread: 0 | blockers: none | health: AT_RISK
  ACTION:   wait
  RESULT:   SIM: +1min
          events: vendor turnaround complete
          health: AT_RISK

[Turn 1228, Tue 5:59 PM, Day 2]
  OBSERVE:  chat unread: 0 | email unread: 0 | blockers: none | health: AT_RISK
  ACTION:   wait
  RESULT:   SIM: +1min
          events: milestone.drift
          health: AT_RISK

[Turn 1539, Tue 11:10 PM, Day 2]
  OBSERVE:  chat unread: 0 | email unread: 0 | blockers: none | health: AT_RISK
  ACTION:   wait
  RESULT:   SIM: +1min
          events: PROJ-17 complete, milestone check
          health: AT_RISK

[Turn 1540, Tue 11:11 PM, Day 2]
  OBSERVE:  chat unread: 0 | email unread: 0 | blockers: none | health: AT_RISK
  ACTION:   task start → PROJ-22 (Design sign-off) (start_next_critical_task)
  RESULT:   SIM: +1min
          task started: PROJ-22 (Design sign-off)

[Turn 1659, Wed 1:10 AM, Day 3]
  OBSERVE:  chat unread: 0 | email unread: 0 | blockers: none | health: AT_RISK
  ACTION:   wait
  RESULT:   SIM: +1min
          events: PROJ-22 complete, milestone check
          health: AT_RISK

[Turn 1660, Wed 1:11 AM, Day 3]
  OBSERVE:  chat unread: 0 | email unread: 0 | blockers: none | health: AT_RISK
  ACTION:   task start → PROJ-30 (QA) (start_next_critical_task)
  RESULT:   SIM: +1min
          task started: PROJ-30 (QA)

[Turn 2128, Wed 8:59 AM, Day 3]
  OBSERVE:  chat unread: 0 | email unread: 0 | blockers: none | health: AT_RISK
  ACTION:   wait
  RESULT:   SIM: +1min
          events: npc.policy_scan
          health: AT_RISK

[Turn 2259, Wed 11:10 AM, Day 3]
  OBSERVE:  chat unread: 0 | email unread: 0 | blockers: none | health: ON_TRACK
  ACTION:   wait
  RESULT:   SIM: +1min
          events: PROJ-30 complete, launch complete
          health: ON_TRACK

